Info: Starting: Create block symbol file (.bsf)
Info: qsys-generate "C:\Users\Austin\Documents\ECE241 new\JoystickTest\joystick.qsys" --block-symbol-file --output-directory="C:\Users\Austin\Documents\ECE241 new\JoystickTest\joystick" --family="Cyclone V" --part=5CSEMA5F31C6
Progress: Loading JoystickTest/joystick.qsys
Progress: Reading input file
Progress: Adding adc_mega_0 [altera_up_avalon_adc_mega 18.0]
Progress: Parameterizing module adc_mega_0
Progress: Building connections
Progress: Parameterizing connections
Progress: Validating
Progress: Done reading input file
Info: qsys-generate succeeded.
Info: Finished: Create block symbol file (.bsf)
Info: 
Info: Starting: Create HDL design files for synthesis
Info: qsys-generate "C:\Users\Austin\Documents\ECE241 new\JoystickTest\joystick.qsys" --synthesis=VERILOG --output-directory="C:\Users\Austin\Documents\ECE241 new\JoystickTest\joystick\synthesis" --family="Cyclone V" --part=5CSEMA5F31C6
Progress: Loading JoystickTest/joystick.qsys
Progress: Reading input file
Progress: Adding adc_mega_0 [altera_up_avalon_adc_mega 18.0]
Progress: Parameterizing module adc_mega_0
Progress: Building connections
Progress: Parameterizing connections
Progress: Validating
Progress: Done reading input file
Info: joystick: Generating joystick "joystick" for QUARTUS_SYNTH
Info: adc_mega_0: Starting Generation of ADC Controller for DE-series Board
Info: adc_mega_0: C:/intelfpga_lite/18.0/ip/altera/university_program/input_output/altera_up_avalon_adc/hdl/altera_up_avalon_adv_adc.v C:/Users/Austin/AppData/Local/Temp/alt7849_6659433976458847914.dir/0002_sopcgen/joystick_adc_mega_0.v
Info: adc_mega_0: "joystick" instantiated altera_up_avalon_adc_mega "adc_mega_0"
Info: joystick: Done "joystick" with 2 modules, 3 files
Info: qsys-generate succeeded.
Info: Finished: Create HDL design files for synthesis
